<?xml version="1.0" encoding="utf-8" standalone="yes"?><Layout layout="test" modulePackage="application.haveri.tourism" filePath="G:\WorkSpace\AppHaveri\HvtApp\HvtApp\app\src\main\res\layout\test.xml" directory="layout" isMerge="false"><Targets><Target tag="layout/test_0" view="androidx.cardview.widget.CardView"><Expressions/><location startLine="4" startOffset="4" endLine="131" endOffset="39"/></Target><Target id="@+id/tv_visit_time" view="application.haveri.tourism.ui.custom.CustomTextView"><Expressions/><location startLine="38" startOffset="16" endLine="48" endOffset="66"/></Target><Target id="@+id/tv_contact_phone" view="application.haveri.tourism.ui.custom.CustomTextView"><Expressions/><location startLine="76" startOffset="16" endLine="86" endOffset="66"/></Target><Target id="@+id/tv_web_link" view="application.haveri.tourism.ui.custom.CustomTextView"><Expressions/><location startLine="115" startOffset="16" endLine="125" endOffset="66"/></Target></Targets></Layout>